[ 2018-05-16T20:46:09+08:00 ] 10.4.0.174 /demo/vSwoole-admin/admin.php?s=/WebSocket/getRangeOnline.html&range_id=123456
NOTIC: [8] Constant __INFO__ already defined /mnt/hgfs/demo/vSwoole-admin/ThinkPHP/Library/Think/Dispatcher.class.php 第 127 行.
INFO: [ app_init ] --START--
INFO: Run Behavior\BuildLiteBehavior [ RunTime:0.000010s ]
INFO: Run Common\Behavior\InitHookBehavior [ RunTime:0.019966s ]
INFO: [ app_init ] --END-- [ RunTime:0.020039s ]
INFO: [ app_begin ] --START--
INFO: Run Behavior\ReadHtmlCacheBehavior [ RunTime:0.009400s ]
INFO: [ app_begin ] --END-- [ RunTime:0.009456s ]
NOTIC: [2] session_set_save_handler() expects parameter 1 to be SessionHandlerInterface, object given /mnt/hgfs/demo/vSwoole-admin/ThinkPHP/Common/functions.php 第 1213 行.
NOTIC: [8] Undefined variable: _action /mnt/hgfs/demo/vSwoole-admin/Application/Admin/Controller/AdminController.class.php 第 45 行.
SQL: SHOW COLUMNS FROM `wei_menu` [ RunTime:0.0061s ]
SQL: SELECT `id`,`title`,`url` FROM `wei_menu` WHERE `pid` = 0 AND `hide` = 0 ORDER BY sort asc  [ RunTime:0.0047s ]
SQL: SELECT `pid` FROM `wei_menu` WHERE ( pid !=0 AND url like '%WebSocket/getRangeOnline%' ) LIMIT 1   [ RunTime:0.0038s ]

[ 2018-05-16T20:46:10+08:00 ] 10.4.0.174 /demo/vSwoole-admin/admin.php?s=/WebSocket/getRangeOnline.html&range_id=123456
NOTIC: [8] Constant __INFO__ already defined /mnt/hgfs/demo/vSwoole-admin/ThinkPHP/Library/Think/Dispatcher.class.php 第 127 行.
INFO: [ app_init ] --START--
INFO: Run Behavior\BuildLiteBehavior [ RunTime:0.000008s ]
INFO: Run Common\Behavior\InitHookBehavior [ RunTime:0.026756s ]
INFO: [ app_init ] --END-- [ RunTime:0.026834s ]
INFO: [ app_begin ] --START--
INFO: Run Behavior\ReadHtmlCacheBehavior [ RunTime:0.003692s ]
INFO: [ app_begin ] --END-- [ RunTime:0.003724s ]
NOTIC: [2] session_set_save_handler() expects parameter 1 to be SessionHandlerInterface, object given /mnt/hgfs/demo/vSwoole-admin/ThinkPHP/Common/functions.php 第 1213 行.
NOTIC: [8] Undefined variable: _action /mnt/hgfs/demo/vSwoole-admin/Application/Admin/Controller/AdminController.class.php 第 45 行.
SQL: SHOW COLUMNS FROM `wei_menu` [ RunTime:0.0052s ]
SQL: SELECT `id`,`title`,`url` FROM `wei_menu` WHERE `pid` = 0 AND `hide` = 0 ORDER BY sort asc  [ RunTime:0.0057s ]
SQL: SELECT `pid` FROM `wei_menu` WHERE ( pid !=0 AND url like '%WebSocket/getRangeOnline%' ) LIMIT 1   [ RunTime:0.0051s ]

[ 2018-05-16T20:46:10+08:00 ] 10.4.0.174 /demo/vSwoole-admin/admin.php?s=/WebSocket/getRangeOnline.html&range_id=123456
NOTIC: [8] Constant __INFO__ already defined /mnt/hgfs/demo/vSwoole-admin/ThinkPHP/Library/Think/Dispatcher.class.php 第 127 行.
INFO: [ app_init ] --START--
INFO: Run Behavior\BuildLiteBehavior [ RunTime:0.000009s ]
INFO: Run Common\Behavior\InitHookBehavior [ RunTime:0.014794s ]
INFO: [ app_init ] --END-- [ RunTime:0.014964s ]
INFO: [ app_begin ] --START--
INFO: Run Behavior\ReadHtmlCacheBehavior [ RunTime:0.001560s ]
INFO: [ app_begin ] --END-- [ RunTime:0.001589s ]
NOTIC: [2] session_set_save_handler() expects parameter 1 to be SessionHandlerInterface, object given /mnt/hgfs/demo/vSwoole-admin/ThinkPHP/Common/functions.php 第 1213 行.
NOTIC: [8] Undefined variable: _action /mnt/hgfs/demo/vSwoole-admin/Application/Admin/Controller/AdminController.class.php 第 45 行.
SQL: SHOW COLUMNS FROM `wei_menu` [ RunTime:0.0057s ]
SQL: SELECT `id`,`title`,`url` FROM `wei_menu` WHERE `pid` = 0 AND `hide` = 0 ORDER BY sort asc  [ RunTime:0.0056s ]
SQL: SELECT `pid` FROM `wei_menu` WHERE ( pid !=0 AND url like '%WebSocket/getRangeOnline%' ) LIMIT 1   [ RunTime:0.0079s ]

[ 2018-05-16T20:46:11+08:00 ] 10.4.0.174 /demo/vSwoole-admin/admin.php?s=/WebSocket/getRangeOnline.html&range_id=123456
NOTIC: [8] Constant __INFO__ already defined /mnt/hgfs/demo/vSwoole-admin/ThinkPHP/Library/Think/Dispatcher.class.php 第 127 行.
INFO: [ app_init ] --START--
INFO: Run Behavior\BuildLiteBehavior [ RunTime:0.000566s ]
INFO: Run Common\Behavior\InitHookBehavior [ RunTime:0.013138s ]
INFO: [ app_init ] --END-- [ RunTime:0.013876s ]
INFO: [ app_begin ] --START--
INFO: Run Behavior\ReadHtmlCacheBehavior [ RunTime:0.002340s ]
INFO: [ app_begin ] --END-- [ RunTime:0.002387s ]
NOTIC: [2] session_set_save_handler() expects parameter 1 to be SessionHandlerInterface, object given /mnt/hgfs/demo/vSwoole-admin/ThinkPHP/Common/functions.php 第 1213 行.
NOTIC: [8] Undefined variable: _action /mnt/hgfs/demo/vSwoole-admin/Application/Admin/Controller/AdminController.class.php 第 45 行.
SQL: SHOW COLUMNS FROM `wei_menu` [ RunTime:0.0052s ]
SQL: SELECT `id`,`title`,`url` FROM `wei_menu` WHERE `pid` = 0 AND `hide` = 0 ORDER BY sort asc  [ RunTime:0.0067s ]
SQL: SELECT `pid` FROM `wei_menu` WHERE ( pid !=0 AND url like '%WebSocket/getRangeOnline%' ) LIMIT 1   [ RunTime:0.0040s ]

[ 2018-05-16T20:46:21+08:00 ] 10.4.0.174 /demo/vSwoole-admin/admin.php?s=/WebSocket/getRangeOnline.html&range_id=123456
NOTIC: [8] Constant __INFO__ already defined /mnt/hgfs/demo/vSwoole-admin/ThinkPHP/Library/Think/Dispatcher.class.php 第 127 行.
INFO: [ app_init ] --START--
INFO: Run Behavior\BuildLiteBehavior [ RunTime:0.000007s ]
INFO: Run Common\Behavior\InitHookBehavior [ RunTime:0.008374s ]
INFO: [ app_init ] --END-- [ RunTime:0.008448s ]
INFO: [ app_begin ] --START--
INFO: Run Behavior\ReadHtmlCacheBehavior [ RunTime:0.001276s ]
INFO: [ app_begin ] --END-- [ RunTime:0.001310s ]
NOTIC: [2] session_set_save_handler() expects parameter 1 to be SessionHandlerInterface, object given /mnt/hgfs/demo/vSwoole-admin/ThinkPHP/Common/functions.php 第 1213 行.
NOTIC: [8] Undefined variable: _action /mnt/hgfs/demo/vSwoole-admin/Application/Admin/Controller/AdminController.class.php 第 45 行.
SQL: SHOW COLUMNS FROM `wei_menu` [ RunTime:0.0059s ]
SQL: SELECT `id`,`title`,`url` FROM `wei_menu` WHERE `pid` = 0 AND `hide` = 0 ORDER BY sort asc  [ RunTime:0.0053s ]
SQL: SELECT `pid` FROM `wei_menu` WHERE ( pid !=0 AND url like '%WebSocket/getRangeOnline%' ) LIMIT 1   [ RunTime:0.0058s ]

[ 2018-05-16T20:46:32+08:00 ] 10.4.0.174 /demo/vSwoole-admin/admin.php?s=/WebSocket/getRangeOnline.html&range_id=123456
NOTIC: [8] Constant __INFO__ already defined /mnt/hgfs/demo/vSwoole-admin/ThinkPHP/Library/Think/Dispatcher.class.php 第 127 行.
INFO: [ app_init ] --START--
INFO: Run Behavior\BuildLiteBehavior [ RunTime:0.000010s ]
INFO: Run Common\Behavior\InitHookBehavior [ RunTime:0.034177s ]
INFO: [ app_init ] --END-- [ RunTime:0.034286s ]
INFO: [ app_begin ] --START--
INFO: Run Behavior\ReadHtmlCacheBehavior [ RunTime:0.002770s ]
INFO: [ app_begin ] --END-- [ RunTime:0.002814s ]
NOTIC: [2] session_set_save_handler() expects parameter 1 to be SessionHandlerInterface, object given /mnt/hgfs/demo/vSwoole-admin/ThinkPHP/Common/functions.php 第 1213 行.
NOTIC: [8] Undefined variable: _action /mnt/hgfs/demo/vSwoole-admin/Application/Admin/Controller/AdminController.class.php 第 45 行.
SQL: SHOW COLUMNS FROM `wei_menu` [ RunTime:0.0060s ]
SQL: SELECT `id`,`title`,`url` FROM `wei_menu` WHERE `pid` = 0 AND `hide` = 0 ORDER BY sort asc  [ RunTime:0.0054s ]
SQL: SELECT `pid` FROM `wei_menu` WHERE ( pid !=0 AND url like '%WebSocket/getRangeOnline%' ) LIMIT 1   [ RunTime:0.0056s ]

[ 2018-05-16T20:46:41+08:00 ] 10.4.0.174 /demo/vSwoole-admin/admin.php?s=/WebSocket/getRangeOnline.html&range_id=123456
NOTIC: [8] Constant __INFO__ already defined /mnt/hgfs/demo/vSwoole-admin/ThinkPHP/Library/Think/Dispatcher.class.php 第 127 行.
INFO: [ app_init ] --START--
INFO: Run Behavior\BuildLiteBehavior [ RunTime:0.000007s ]
INFO: Run Common\Behavior\InitHookBehavior [ RunTime:0.004999s ]
INFO: [ app_init ] --END-- [ RunTime:0.005051s ]
INFO: [ app_begin ] --START--
INFO: Run Behavior\ReadHtmlCacheBehavior [ RunTime:0.002743s ]
INFO: [ app_begin ] --END-- [ RunTime:0.002775s ]
NOTIC: [2] session_set_save_handler() expects parameter 1 to be SessionHandlerInterface, object given /mnt/hgfs/demo/vSwoole-admin/ThinkPHP/Common/functions.php 第 1213 行.
NOTIC: [8] Undefined variable: _action /mnt/hgfs/demo/vSwoole-admin/Application/Admin/Controller/AdminController.class.php 第 45 行.
SQL: SHOW COLUMNS FROM `wei_menu` [ RunTime:0.0047s ]
SQL: SELECT `id`,`title`,`url` FROM `wei_menu` WHERE `pid` = 0 AND `hide` = 0 ORDER BY sort asc  [ RunTime:0.0045s ]
SQL: SELECT `pid` FROM `wei_menu` WHERE ( pid !=0 AND url like '%WebSocket/getRangeOnline%' ) LIMIT 1   [ RunTime:0.0042s ]

[ 2018-05-16T20:46:57+08:00 ] 10.4.0.174 /demo/vSwoole-admin/admin.php?s=/WebSocket/getRangeOnline.html&range_id=123456
NOTIC: [8] Constant __INFO__ already defined /mnt/hgfs/demo/vSwoole-admin/ThinkPHP/Library/Think/Dispatcher.class.php 第 127 行.
INFO: [ app_init ] --START--
INFO: Run Behavior\BuildLiteBehavior [ RunTime:0.000005s ]
INFO: Run Common\Behavior\InitHookBehavior [ RunTime:0.004876s ]
INFO: [ app_init ] --END-- [ RunTime:0.004925s ]
INFO: [ app_begin ] --START--
INFO: Run Behavior\ReadHtmlCacheBehavior [ RunTime:0.000916s ]
INFO: [ app_begin ] --END-- [ RunTime:0.000933s ]
NOTIC: [2] session_set_save_handler() expects parameter 1 to be SessionHandlerInterface, object given /mnt/hgfs/demo/vSwoole-admin/ThinkPHP/Common/functions.php 第 1213 行.
NOTIC: [8] Undefined variable: _action /mnt/hgfs/demo/vSwoole-admin/Application/Admin/Controller/AdminController.class.php 第 45 行.
SQL: SHOW COLUMNS FROM `wei_menu` [ RunTime:0.0038s ]
SQL: SELECT `id`,`title`,`url` FROM `wei_menu` WHERE `pid` = 0 AND `hide` = 0 ORDER BY sort asc  [ RunTime:0.0046s ]
SQL: SELECT `pid` FROM `wei_menu` WHERE ( pid !=0 AND url like '%WebSocket/getRangeOnline%' ) LIMIT 1   [ RunTime:0.0041s ]

[ 2018-05-16T20:47:03+08:00 ] 10.4.0.174 /demo/vSwoole-admin/admin.php?s=/WebSocket/getRangeOnline.html&range_id=123456
NOTIC: [8] Constant __INFO__ already defined /mnt/hgfs/demo/vSwoole-admin/ThinkPHP/Library/Think/Dispatcher.class.php 第 127 行.
INFO: [ app_init ] --START--
INFO: Run Behavior\BuildLiteBehavior [ RunTime:0.000005s ]
INFO: Run Common\Behavior\InitHookBehavior [ RunTime:0.005897s ]
INFO: [ app_init ] --END-- [ RunTime:0.005952s ]
INFO: [ app_begin ] --START--
INFO: Run Behavior\ReadHtmlCacheBehavior [ RunTime:0.001096s ]
INFO: [ app_begin ] --END-- [ RunTime:0.001114s ]
NOTIC: [2] session_set_save_handler() expects parameter 1 to be SessionHandlerInterface, object given /mnt/hgfs/demo/vSwoole-admin/ThinkPHP/Common/functions.php 第 1213 行.
NOTIC: [8] Undefined variable: _action /mnt/hgfs/demo/vSwoole-admin/Application/Admin/Controller/AdminController.class.php 第 45 行.
SQL: SHOW COLUMNS FROM `wei_menu` [ RunTime:0.0054s ]
SQL: SELECT `id`,`title`,`url` FROM `wei_menu` WHERE `pid` = 0 AND `hide` = 0 ORDER BY sort asc  [ RunTime:0.9172s ]
SQL: SELECT `pid` FROM `wei_menu` WHERE ( pid !=0 AND url like '%WebSocket/getRangeOnline%' ) LIMIT 1   [ RunTime:0.0044s ]

[ 2018-05-16T20:47:06+08:00 ] 10.4.0.174 /demo/vSwoole-admin/admin.php?s=/WebSocket/index.html
NOTIC: [8] Constant __INFO__ already defined /mnt/hgfs/demo/vSwoole-admin/ThinkPHP/Library/Think/Dispatcher.class.php 第 127 行.
INFO: [ app_init ] --START--
INFO: Run Behavior\BuildLiteBehavior [ RunTime:0.000005s ]
INFO: Run Common\Behavior\InitHookBehavior [ RunTime:0.007353s ]
INFO: [ app_init ] --END-- [ RunTime:0.007406s ]
INFO: [ app_begin ] --START--
INFO: Run Behavior\ReadHtmlCacheBehavior [ RunTime:0.000914s ]
INFO: [ app_begin ] --END-- [ RunTime:0.000932s ]
NOTIC: [2] session_set_save_handler() expects parameter 1 to be SessionHandlerInterface, object given /mnt/hgfs/demo/vSwoole-admin/ThinkPHP/Common/functions.php 第 1213 行.
NOTIC: [8] Undefined variable: _action /mnt/hgfs/demo/vSwoole-admin/Application/Admin/Controller/AdminController.class.php 第 45 行.
SQL: SHOW COLUMNS FROM `wei_menu` [ RunTime:0.0053s ]
SQL: SELECT `id`,`title`,`url` FROM `wei_menu` WHERE `pid` = 0 AND `hide` = 0 ORDER BY sort asc  [ RunTime:0.0052s ]
SQL: SELECT `pid` FROM `wei_menu` WHERE ( pid !=0 AND url like '%WebSocket/index%' ) LIMIT 1   [ RunTime:0.0060s ]
SQL: SELECT * FROM `wei_menu` WHERE `id` = 157 LIMIT 1   [ RunTime:0.0054s ]
SQL: SELECT DISTINCT  `group` FROM `wei_menu` WHERE `group` <> '' AND `pid` = 157 ORDER BY id  [ RunTime:0.0349s ]
SQL: SELECT `id`,`url` FROM `wei_menu` WHERE `pid` = 157 AND `hide` = 0  [ RunTime:0.0906s ]
SQL: SELECT `id`,`pid`,`title`,`url`,`tip` FROM `wei_menu` WHERE `group` = 'WebSocket' AND `pid` = 157 AND `hide` = 0 ORDER BY sort asc  [ RunTime:0.0054s ]
INFO: [ view_parse ] --START--
INFO: [ template_filter ] --START--
INFO: Run Behavior\ContentReplaceBehavior [ RunTime:0.000240s ]
INFO: [ template_filter ] --END-- [ RunTime:0.000268s ]
NOTIC: [8] Undefined variable: v /mnt/hgfs/demo/vSwoole-admin/Runtime/Cache/Admin/ab465d0033ee2c4d5312dd11c52f4182.php 第 268 行.
NOTIC: [8] Undefined variable: v /mnt/hgfs/demo/vSwoole-admin/Runtime/Cache/Admin/ab465d0033ee2c4d5312dd11c52f4182.php 第 268 行.
NOTIC: [8] Use of undefined constant title - assumed 'title' /mnt/hgfs/demo/vSwoole-admin/Runtime/Cache/Admin/ab465d0033ee2c4d5312dd11c52f4182.php 第 350 行.
NOTIC: [8] Undefined variable: menuname /mnt/hgfs/demo/vSwoole-admin/Runtime/Cache/Admin/ab465d0033ee2c4d5312dd11c52f4182.php 第 350 行.
NOTIC: [8] Undefined variable: stage_id /mnt/hgfs/demo/vSwoole-admin/Runtime/Cache/Admin/ab465d0033ee2c4d5312dd11c52f4182.php 第 355 行.
NOTIC: [8] Use of undefined constant title - assumed 'title' /mnt/hgfs/demo/vSwoole-admin/Runtime/Cache/Admin/ab465d0033ee2c4d5312dd11c52f4182.php 第 350 行.
NOTIC: [8] Undefined variable: menuname /mnt/hgfs/demo/vSwoole-admin/Runtime/Cache/Admin/ab465d0033ee2c4d5312dd11c52f4182.php 第 350 行.
NOTIC: [8] Undefined variable: stage_id /mnt/hgfs/demo/vSwoole-admin/Runtime/Cache/Admin/ab465d0033ee2c4d5312dd11c52f4182.php 第 355 行.
INFO: Run Behavior\ParseTemplateBehavior [ RunTime:0.884522s ]
INFO: [ view_parse ] --END-- [ RunTime:0.884554s ]
INFO: [ view_filter ] --START--
INFO: Run Behavior\WriteHtmlCacheBehavior [ RunTime:0.071079s ]
INFO: [ view_filter ] --END-- [ RunTime:0.071135s ]
INFO: [ app_end ] --START--
INFO: Run Behavior\ShowPageTraceBehavior [ RunTime:0.059974s ]
INFO: [ app_end ] --END-- [ RunTime:0.060022s ]

[ 2018-05-16T20:47:17+08:00 ] 10.4.0.174 /demo/vSwoole-admin/admin.php?s=/WebSocket/getServers.html
NOTIC: [8] Constant __INFO__ already defined /mnt/hgfs/demo/vSwoole-admin/ThinkPHP/Library/Think/Dispatcher.class.php 第 127 行.
INFO: [ app_init ] --START--
INFO: Run Behavior\BuildLiteBehavior [ RunTime:0.000015s ]
INFO: Run Common\Behavior\InitHookBehavior [ RunTime:0.020277s ]
INFO: [ app_init ] --END-- [ RunTime:0.020380s ]
INFO: [ app_begin ] --START--
INFO: Run Behavior\ReadHtmlCacheBehavior [ RunTime:0.007342s ]
INFO: [ app_begin ] --END-- [ RunTime:0.007377s ]
NOTIC: [2] session_set_save_handler() expects parameter 1 to be SessionHandlerInterface, object given /mnt/hgfs/demo/vSwoole-admin/ThinkPHP/Common/functions.php 第 1213 行.
NOTIC: [8] Undefined variable: _action /mnt/hgfs/demo/vSwoole-admin/Application/Admin/Controller/AdminController.class.php 第 45 行.
SQL: SHOW COLUMNS FROM `wei_menu` [ RunTime:0.0045s ]
SQL: SELECT `id`,`title`,`url` FROM `wei_menu` WHERE `pid` = 0 AND `hide` = 0 ORDER BY sort asc  [ RunTime:0.0045s ]
SQL: SELECT `pid` FROM `wei_menu` WHERE ( pid !=0 AND url like '%WebSocket/getServers%' ) LIMIT 1   [ RunTime:0.0047s ]

[ 2018-05-16T20:47:20+08:00 ] 10.4.0.174 /demo/vSwoole-admin/admin.php?s=/WebSocket/getServers.html
NOTIC: [8] Constant __INFO__ already defined /mnt/hgfs/demo/vSwoole-admin/ThinkPHP/Library/Think/Dispatcher.class.php 第 127 行.
INFO: [ app_init ] --START--
INFO: Run Behavior\BuildLiteBehavior [ RunTime:0.000006s ]
INFO: Run Common\Behavior\InitHookBehavior [ RunTime:0.007326s ]
INFO: [ app_init ] --END-- [ RunTime:0.007376s ]
INFO: [ app_begin ] --START--
INFO: Run Behavior\ReadHtmlCacheBehavior [ RunTime:0.000909s ]
INFO: [ app_begin ] --END-- [ RunTime:0.000926s ]
NOTIC: [2] session_set_save_handler() expects parameter 1 to be SessionHandlerInterface, object given /mnt/hgfs/demo/vSwoole-admin/ThinkPHP/Common/functions.php 第 1213 行.
NOTIC: [8] Undefined variable: _action /mnt/hgfs/demo/vSwoole-admin/Application/Admin/Controller/AdminController.class.php 第 45 行.
SQL: SHOW COLUMNS FROM `wei_menu` [ RunTime:0.0046s ]
SQL: SELECT `id`,`title`,`url` FROM `wei_menu` WHERE `pid` = 0 AND `hide` = 0 ORDER BY sort asc  [ RunTime:0.0046s ]
SQL: SELECT `pid` FROM `wei_menu` WHERE ( pid !=0 AND url like '%WebSocket/getServers%' ) LIMIT 1   [ RunTime:0.0052s ]

[ 2018-05-16T20:47:23+08:00 ] 10.4.0.174 /demo/vSwoole-admin/admin.php?s=/WebSocket/getServers.html
NOTIC: [8] Constant __INFO__ already defined /mnt/hgfs/demo/vSwoole-admin/ThinkPHP/Library/Think/Dispatcher.class.php 第 127 行.
INFO: [ app_init ] --START--
INFO: Run Behavior\BuildLiteBehavior [ RunTime:0.000005s ]
INFO: Run Common\Behavior\InitHookBehavior [ RunTime:0.004677s ]
INFO: [ app_init ] --END-- [ RunTime:0.004724s ]
INFO: [ app_begin ] --START--
INFO: Run Behavior\ReadHtmlCacheBehavior [ RunTime:0.000878s ]
INFO: [ app_begin ] --END-- [ RunTime:0.000897s ]
NOTIC: [2] session_set_save_handler() expects parameter 1 to be SessionHandlerInterface, object given /mnt/hgfs/demo/vSwoole-admin/ThinkPHP/Common/functions.php 第 1213 行.
NOTIC: [8] Undefined variable: _action /mnt/hgfs/demo/vSwoole-admin/Application/Admin/Controller/AdminController.class.php 第 45 行.
SQL: SHOW COLUMNS FROM `wei_menu` [ RunTime:0.0059s ]
SQL: SELECT `id`,`title`,`url` FROM `wei_menu` WHERE `pid` = 0 AND `hide` = 0 ORDER BY sort asc  [ RunTime:0.0058s ]
SQL: SELECT `pid` FROM `wei_menu` WHERE ( pid !=0 AND url like '%WebSocket/getServers%' ) LIMIT 1   [ RunTime:0.0058s ]

[ 2018-05-16T20:47:27+08:00 ] 10.4.0.174 /demo/vSwoole-admin/admin.php?s=/WebSocket/getServers.html
NOTIC: [8] Constant __INFO__ already defined /mnt/hgfs/demo/vSwoole-admin/ThinkPHP/Library/Think/Dispatcher.class.php 第 127 行.
INFO: [ app_init ] --START--
INFO: Run Behavior\BuildLiteBehavior [ RunTime:0.000006s ]
INFO: Run Common\Behavior\InitHookBehavior [ RunTime:0.005422s ]
INFO: [ app_init ] --END-- [ RunTime:0.005479s ]
INFO: [ app_begin ] --START--
INFO: Run Behavior\ReadHtmlCacheBehavior [ RunTime:0.000835s ]
INFO: [ app_begin ] --END-- [ RunTime:0.000850s ]
NOTIC: [2] session_set_save_handler() expects parameter 1 to be SessionHandlerInterface, object given /mnt/hgfs/demo/vSwoole-admin/ThinkPHP/Common/functions.php 第 1213 行.
NOTIC: [8] Undefined variable: _action /mnt/hgfs/demo/vSwoole-admin/Application/Admin/Controller/AdminController.class.php 第 45 行.
SQL: SHOW COLUMNS FROM `wei_menu` [ RunTime:0.0048s ]
SQL: SELECT `id`,`title`,`url` FROM `wei_menu` WHERE `pid` = 0 AND `hide` = 0 ORDER BY sort asc  [ RunTime:0.0051s ]
SQL: SELECT `pid` FROM `wei_menu` WHERE ( pid !=0 AND url like '%WebSocket/getServers%' ) LIMIT 1   [ RunTime:0.0044s ]

[ 2018-05-16T20:47:30+08:00 ] 10.4.0.174 /demo/vSwoole-admin/admin.php?s=/WebSocket/getServers.html
NOTIC: [8] Constant __INFO__ already defined /mnt/hgfs/demo/vSwoole-admin/ThinkPHP/Library/Think/Dispatcher.class.php 第 127 行.
INFO: [ app_init ] --START--
INFO: Run Behavior\BuildLiteBehavior [ RunTime:0.000007s ]
INFO: Run Common\Behavior\InitHookBehavior [ RunTime:0.004933s ]
INFO: [ app_init ] --END-- [ RunTime:0.004984s ]
INFO: [ app_begin ] --START--
INFO: Run Behavior\ReadHtmlCacheBehavior [ RunTime:0.000849s ]
INFO: [ app_begin ] --END-- [ RunTime:0.000864s ]
NOTIC: [2] session_set_save_handler() expects parameter 1 to be SessionHandlerInterface, object given /mnt/hgfs/demo/vSwoole-admin/ThinkPHP/Common/functions.php 第 1213 行.

[ 2018-05-16T20:47:30+08:00 ] 10.4.0.174 /demo/vSwoole-admin/admin.php?s=/Public/login.html
NOTIC: [8] Constant __INFO__ already defined /mnt/hgfs/demo/vSwoole-admin/ThinkPHP/Library/Think/Dispatcher.class.php 第 127 行.
INFO: [ app_init ] --START--
INFO: Run Behavior\BuildLiteBehavior [ RunTime:0.000007s ]
INFO: Run Common\Behavior\InitHookBehavior [ RunTime:0.004142s ]
INFO: [ app_init ] --END-- [ RunTime:0.004245s ]
INFO: [ app_begin ] --START--
INFO: Run Behavior\ReadHtmlCacheBehavior [ RunTime:0.000936s ]
INFO: [ app_begin ] --END-- [ RunTime:0.000960s ]
NOTIC: [2] session_set_save_handler() expects parameter 1 to be SessionHandlerInterface, object given /mnt/hgfs/demo/vSwoole-admin/ThinkPHP/Common/functions.php 第 1213 行.
INFO: [ view_parse ] --START--
INFO: [ template_filter ] --START--
INFO: Run Behavior\ContentReplaceBehavior [ RunTime:0.000041s ]
INFO: [ template_filter ] --END-- [ RunTime:0.000073s ]
INFO: Run Behavior\ParseTemplateBehavior [ RunTime:0.035945s ]
INFO: [ view_parse ] --END-- [ RunTime:0.035980s ]
INFO: [ view_filter ] --START--
INFO: Run Behavior\WriteHtmlCacheBehavior [ RunTime:0.000775s ]
INFO: [ view_filter ] --END-- [ RunTime:0.000792s ]
INFO: [ app_end ] --START--
INFO: Run Behavior\ShowPageTraceBehavior [ RunTime:0.000906s ]
INFO: [ app_end ] --END-- [ RunTime:0.000931s ]

[ 2018-05-16T20:47:31+08:00 ] 10.4.0.174 /demo/vSwoole-admin/admin.php?s=/WebSocket/index.html
NOTIC: [8] Constant __INFO__ already defined /mnt/hgfs/demo/vSwoole-admin/ThinkPHP/Library/Think/Dispatcher.class.php 第 127 行.
INFO: [ app_init ] --START--
INFO: Run Behavior\BuildLiteBehavior [ RunTime:0.000005s ]
INFO: Run Common\Behavior\InitHookBehavior [ RunTime:0.005016s ]
INFO: [ app_init ] --END-- [ RunTime:0.005068s ]
INFO: [ app_begin ] --START--
INFO: Run Behavior\ReadHtmlCacheBehavior [ RunTime:0.000876s ]
INFO: [ app_begin ] --END-- [ RunTime:0.000892s ]
NOTIC: [2] session_set_save_handler() expects parameter 1 to be SessionHandlerInterface, object given /mnt/hgfs/demo/vSwoole-admin/ThinkPHP/Common/functions.php 第 1213 行.

[ 2018-05-16T20:47:31+08:00 ] 10.4.0.174 /demo/vSwoole-admin/admin.php?s=/Public/login.html
NOTIC: [8] Constant __INFO__ already defined /mnt/hgfs/demo/vSwoole-admin/ThinkPHP/Library/Think/Dispatcher.class.php 第 127 行.
INFO: [ app_init ] --START--
INFO: Run Behavior\BuildLiteBehavior [ RunTime:0.000005s ]
INFO: Run Common\Behavior\InitHookBehavior [ RunTime:0.002849s ]
INFO: [ app_init ] --END-- [ RunTime:0.002896s ]
INFO: [ app_begin ] --START--
INFO: Run Behavior\ReadHtmlCacheBehavior [ RunTime:0.000723s ]
INFO: [ app_begin ] --END-- [ RunTime:0.000741s ]
NOTIC: [2] session_set_save_handler() expects parameter 1 to be SessionHandlerInterface, object given /mnt/hgfs/demo/vSwoole-admin/ThinkPHP/Common/functions.php 第 1213 行.
INFO: [ view_parse ] --START--
INFO: [ template_filter ] --START--
INFO: Run Behavior\ContentReplaceBehavior [ RunTime:0.000037s ]
INFO: [ template_filter ] --END-- [ RunTime:0.000063s ]
INFO: Run Behavior\ParseTemplateBehavior [ RunTime:0.014024s ]
INFO: [ view_parse ] --END-- [ RunTime:0.014057s ]
INFO: [ view_filter ] --START--
INFO: Run Behavior\WriteHtmlCacheBehavior [ RunTime:0.000740s ]
INFO: [ view_filter ] --END-- [ RunTime:0.000757s ]
INFO: [ app_end ] --START--
INFO: Run Behavior\ShowPageTraceBehavior [ RunTime:0.000924s ]
INFO: [ app_end ] --END-- [ RunTime:0.000941s ]

[ 2018-05-16T20:47:33+08:00 ] 10.4.0.174 /demo/vSwoole-admin/admin.php?s=/Public/verify.html
NOTIC: [8] Constant __INFO__ already defined /mnt/hgfs/demo/vSwoole-admin/ThinkPHP/Library/Think/Dispatcher.class.php 第 127 行.
INFO: [ app_init ] --START--
INFO: Run Behavior\BuildLiteBehavior [ RunTime:0.000006s ]
INFO: Run Common\Behavior\InitHookBehavior [ RunTime:0.005626s ]
INFO: [ app_init ] --END-- [ RunTime:0.005689s ]
INFO: [ app_begin ] --START--
INFO: Run Behavior\ReadHtmlCacheBehavior [ RunTime:0.001136s ]
INFO: [ app_begin ] --END-- [ RunTime:0.001203s ]
NOTIC: [2] session_set_save_handler() expects parameter 1 to be SessionHandlerInterface, object given /mnt/hgfs/demo/vSwoole-admin/ThinkPHP/Common/functions.php 第 1213 行.
INFO: [ app_end ] --START--
INFO: Run Behavior\ShowPageTraceBehavior [ RunTime:0.002041s ]
INFO: [ app_end ] --END-- [ RunTime:0.002119s ]

[ 2018-05-16T20:47:37+08:00 ] 10.4.0.174 /demo/vSwoole-admin/admin.php?s=/Public/login.html
NOTIC: [8] Constant __INFO__ already defined /mnt/hgfs/demo/vSwoole-admin/ThinkPHP/Library/Think/Dispatcher.class.php 第 127 行.
INFO: [ app_init ] --START--
INFO: Run Behavior\BuildLiteBehavior [ RunTime:0.000006s ]
INFO: Run Common\Behavior\InitHookBehavior [ RunTime:0.005147s ]
INFO: [ app_init ] --END-- [ RunTime:0.005200s ]
INFO: [ app_begin ] --START--
INFO: Run Behavior\ReadHtmlCacheBehavior [ RunTime:0.000891s ]
INFO: [ app_begin ] --END-- [ RunTime:0.000908s ]
NOTIC: [2] session_set_save_handler() expects parameter 1 to be SessionHandlerInterface, object given /mnt/hgfs/demo/vSwoole-admin/ThinkPHP/Common/functions.php 第 1213 行.

[ 2018-05-16T20:47:37+08:00 ] 10.4.0.174 /demo/vSwoole-admin/admin.php?s=/Public/verify.html&random=0.8510975450298752
NOTIC: [8] Constant __INFO__ already defined /mnt/hgfs/demo/vSwoole-admin/ThinkPHP/Library/Think/Dispatcher.class.php 第 127 行.
INFO: [ app_init ] --START--
INFO: Run Behavior\BuildLiteBehavior [ RunTime:0.000006s ]
INFO: Run Common\Behavior\InitHookBehavior [ RunTime:0.003209s ]
INFO: [ app_init ] --END-- [ RunTime:0.003260s ]
INFO: [ app_begin ] --START--
INFO: Run Behavior\ReadHtmlCacheBehavior [ RunTime:0.000730s ]
INFO: [ app_begin ] --END-- [ RunTime:0.000747s ]
NOTIC: [2] session_set_save_handler() expects parameter 1 to be SessionHandlerInterface, object given /mnt/hgfs/demo/vSwoole-admin/ThinkPHP/Common/functions.php 第 1213 行.
INFO: [ app_end ] --START--
INFO: Run Behavior\ShowPageTraceBehavior [ RunTime:0.001174s ]
INFO: [ app_end ] --END-- [ RunTime:0.001215s ]

[ 2018-05-16T20:47:41+08:00 ] 10.4.0.174 /demo/vSwoole-admin/admin.php?s=/Public/login.html
NOTIC: [8] Constant __INFO__ already defined /mnt/hgfs/demo/vSwoole-admin/ThinkPHP/Library/Think/Dispatcher.class.php 第 127 行.
INFO: [ app_init ] --START--
INFO: Run Behavior\BuildLiteBehavior [ RunTime:0.000008s ]
INFO: Run Common\Behavior\InitHookBehavior [ RunTime:0.004890s ]
INFO: [ app_init ] --END-- [ RunTime:0.004945s ]
INFO: [ app_begin ] --START--
INFO: Run Behavior\ReadHtmlCacheBehavior [ RunTime:0.000922s ]
INFO: [ app_begin ] --END-- [ RunTime:0.000939s ]
NOTIC: [2] session_set_save_handler() expects parameter 1 to be SessionHandlerInterface, object given /mnt/hgfs/demo/vSwoole-admin/ThinkPHP/Common/functions.php 第 1213 行.
NOTIC: [8] Undefined index: lite /mnt/hgfs/demo/vSwoole-admin/ThinkPHP/Library/Think/Db.class.php 第 37 行.
SQL: SHOW COLUMNS FROM `wei_member` [ RunTime:0.0048s ]
SQL: SELECT `uid`,`nickname`,`sex`,`birthday`,`qq`,`score`,`login`,`reg_ip`,`reg_time`,`last_login_ip`,`last_login_time`,`status` FROM `wei_member` WHERE `uid` = 1 LIMIT 1   [ RunTime:0.0042s ]
SQL: UPDATE `wei_member` SET `login`=`login`+1,`last_login_time`='1526474861',`last_login_ip`='168034478' WHERE `uid` = 1 [ RunTime:0.0110s ]

[ 2018-05-16T20:47:43+08:00 ] 10.4.0.174 /demo/vSwoole-admin/admin.php?s=/Column/index.html
NOTIC: [8] Constant __INFO__ already defined /mnt/hgfs/demo/vSwoole-admin/ThinkPHP/Library/Think/Dispatcher.class.php 第 127 行.
INFO: [ app_init ] --START--
INFO: Run Behavior\BuildLiteBehavior [ RunTime:0.000007s ]
INFO: Run Common\Behavior\InitHookBehavior [ RunTime:0.005946s ]
INFO: [ app_init ] --END-- [ RunTime:0.006008s ]
INFO: [ app_begin ] --START--
INFO: Run Behavior\ReadHtmlCacheBehavior [ RunTime:0.000719s ]
INFO: [ app_begin ] --END-- [ RunTime:0.000736s ]
NOTIC: [2] session_set_save_handler() expects parameter 1 to be SessionHandlerInterface, object given /mnt/hgfs/demo/vSwoole-admin/ThinkPHP/Common/functions.php 第 1213 行.
NOTIC: [8] Undefined variable: _action /mnt/hgfs/demo/vSwoole-admin/Application/Admin/Controller/AdminController.class.php 第 45 行.
SQL: SHOW COLUMNS FROM `wei_menu` [ RunTime:0.0051s ]
SQL: SELECT `id`,`title`,`url` FROM `wei_menu` WHERE `pid` = 0 AND `hide` = 0 ORDER BY sort asc  [ RunTime:0.0043s ]
SQL: SELECT `pid` FROM `wei_menu` WHERE ( pid !=0 AND url like '%Column/index%' ) LIMIT 1   [ RunTime:0.0049s ]
SQL: SELECT * FROM `wei_menu` WHERE `id` = 144 LIMIT 1   [ RunTime:0.0048s ]
SQL: SHOW COLUMNS FROM `wei_column` [ RunTime:0.0050s ]
SQL: SELECT * FROM `wei_column` WHERE `column_status` = 1 LIMIT 1   [ RunTime:0.0050s ]
SQL: SHOW COLUMNS FROM `wei_stage` [ RunTime:0.0048s ]
SQL: SELECT * FROM `wei_stage` WHERE `column_id` = 'Column15215257455ab0a3f17691d' AND `stage_status` = 1 LIMIT 1   [ RunTime:0.0048s ]
SQL: SHOW COLUMNS FROM `wei_column` [ RunTime:0.0050s ]
SQL: SELECT COUNT(*) AS tp_count FROM `wei_column` LIMIT 1   [ RunTime:0.0038s ]
NOTIC: [8] Undefined variable: the_first /mnt/hgfs/demo/vSwoole-admin/ThinkPHP/Library/Think/Page.class.php 第 220 行.
NOTIC: [8] Undefined variable: the_end /mnt/hgfs/demo/vSwoole-admin/ThinkPHP/Library/Think/Page.class.php 第 220 行.
SQL: SELECT * FROM `wei_column` ORDER BY column_created LIMIT 0,15   [ RunTime:0.0047s ]
INFO: [ view_parse ] --START--
INFO: [ template_filter ] --START--
INFO: Run Behavior\ContentReplaceBehavior [ RunTime:0.000346s ]
INFO: [ template_filter ] --END-- [ RunTime:0.000385s ]
NOTIC: [8] Undefined variable: v /mnt/hgfs/demo/vSwoole-admin/Runtime/Cache/Admin/90b12976a70ff28c3142c03a9c9c55ca.php 第 268 行.
NOTIC: [8] Undefined variable: v /mnt/hgfs/demo/vSwoole-admin/Runtime/Cache/Admin/90b12976a70ff28c3142c03a9c9c55ca.php 第 268 行.
NOTIC: [8] Undefined index: stage_name /mnt/hgfs/demo/vSwoole-admin/Runtime/Cache/Admin/90b12976a70ff28c3142c03a9c9c55ca.php 第 448 行.
INFO: Run Behavior\ParseTemplateBehavior [ RunTime:0.763772s ]
INFO: [ view_parse ] --END-- [ RunTime:0.763801s ]
INFO: [ view_filter ] --START--
INFO: Run Behavior\WriteHtmlCacheBehavior [ RunTime:0.001132s ]
INFO: [ view_filter ] --END-- [ RunTime:0.001156s ]
INFO: [ app_end ] --START--
INFO: Run Behavior\ShowPageTraceBehavior [ RunTime:0.004264s ]
INFO: [ app_end ] --END-- [ RunTime:0.004310s ]

[ 2018-05-16T20:47:45+08:00 ] 10.4.0.174 /demo/vSwoole-admin/admin.php?s=/WebSocket/index.html
NOTIC: [8] Constant __INFO__ already defined /mnt/hgfs/demo/vSwoole-admin/ThinkPHP/Library/Think/Dispatcher.class.php 第 127 行.
INFO: [ app_init ] --START--
INFO: Run Behavior\BuildLiteBehavior [ RunTime:0.000005s ]
INFO: Run Common\Behavior\InitHookBehavior [ RunTime:0.004739s ]
INFO: [ app_init ] --END-- [ RunTime:0.004791s ]
INFO: [ app_begin ] --START--
INFO: Run Behavior\ReadHtmlCacheBehavior [ RunTime:0.000902s ]
INFO: [ app_begin ] --END-- [ RunTime:0.000920s ]
NOTIC: [2] session_set_save_handler() expects parameter 1 to be SessionHandlerInterface, object given /mnt/hgfs/demo/vSwoole-admin/ThinkPHP/Common/functions.php 第 1213 行.
NOTIC: [8] Undefined variable: _action /mnt/hgfs/demo/vSwoole-admin/Application/Admin/Controller/AdminController.class.php 第 45 行.
SQL: SHOW COLUMNS FROM `wei_menu` [ RunTime:0.0061s ]
SQL: SELECT `id`,`title`,`url` FROM `wei_menu` WHERE `pid` = 0 AND `hide` = 0 ORDER BY sort asc  [ RunTime:0.0050s ]
SQL: SELECT `pid` FROM `wei_menu` WHERE ( pid !=0 AND url like '%WebSocket/index%' ) LIMIT 1   [ RunTime:0.0051s ]
SQL: SELECT * FROM `wei_menu` WHERE `id` = 157 LIMIT 1   [ RunTime:0.0046s ]
SQL: SELECT DISTINCT  `group` FROM `wei_menu` WHERE `group` <> '' AND `pid` = 157 ORDER BY id  [ RunTime:0.0047s ]
SQL: SELECT `id`,`url` FROM `wei_menu` WHERE `pid` = 157 AND `hide` = 0  [ RunTime:0.0048s ]
SQL: SELECT `id`,`pid`,`title`,`url`,`tip` FROM `wei_menu` WHERE `group` = 'WebSocket' AND `pid` = 157 AND `hide` = 0 ORDER BY sort asc  [ RunTime:0.0057s ]
INFO: [ view_parse ] --START--
INFO: [ template_filter ] --START--
INFO: Run Behavior\ContentReplaceBehavior [ RunTime:0.000276s ]
INFO: [ template_filter ] --END-- [ RunTime:0.000302s ]
NOTIC: [8] Undefined variable: v /mnt/hgfs/demo/vSwoole-admin/Runtime/Cache/Admin/ab465d0033ee2c4d5312dd11c52f4182.php 第 268 行.
NOTIC: [8] Undefined variable: v /mnt/hgfs/demo/vSwoole-admin/Runtime/Cache/Admin/ab465d0033ee2c4d5312dd11c52f4182.php 第 268 行.
NOTIC: [8] Use of undefined constant title - assumed 'title' /mnt/hgfs/demo/vSwoole-admin/Runtime/Cache/Admin/ab465d0033ee2c4d5312dd11c52f4182.php 第 350 行.
NOTIC: [8] Undefined variable: menuname /mnt/hgfs/demo/vSwoole-admin/Runtime/Cache/Admin/ab465d0033ee2c4d5312dd11c52f4182.php 第 350 行.
NOTIC: [8] Undefined variable: stage_id /mnt/hgfs/demo/vSwoole-admin/Runtime/Cache/Admin/ab465d0033ee2c4d5312dd11c52f4182.php 第 355 行.
NOTIC: [8] Use of undefined constant title - assumed 'title' /mnt/hgfs/demo/vSwoole-admin/Runtime/Cache/Admin/ab465d0033ee2c4d5312dd11c52f4182.php 第 350 行.
NOTIC: [8] Undefined variable: menuname /mnt/hgfs/demo/vSwoole-admin/Runtime/Cache/Admin/ab465d0033ee2c4d5312dd11c52f4182.php 第 350 行.
NOTIC: [8] Undefined variable: stage_id /mnt/hgfs/demo/vSwoole-admin/Runtime/Cache/Admin/ab465d0033ee2c4d5312dd11c52f4182.php 第 355 行.
INFO: Run Behavior\ParseTemplateBehavior [ RunTime:0.106704s ]
INFO: [ view_parse ] --END-- [ RunTime:0.106737s ]
INFO: [ view_filter ] --START--
INFO: Run Behavior\WriteHtmlCacheBehavior [ RunTime:0.000908s ]
INFO: [ view_filter ] --END-- [ RunTime:0.000932s ]
INFO: [ app_end ] --START--
INFO: Run Behavior\ShowPageTraceBehavior [ RunTime:0.005338s ]
INFO: [ app_end ] --END-- [ RunTime:0.005387s ]

[ 2018-05-16T20:47:46+08:00 ] 10.4.0.174 /demo/vSwoole-admin/admin.php?s=/WebSocket/getServers.html
NOTIC: [8] Constant __INFO__ already defined /mnt/hgfs/demo/vSwoole-admin/ThinkPHP/Library/Think/Dispatcher.class.php 第 127 行.
INFO: [ app_init ] --START--
INFO: Run Behavior\BuildLiteBehavior [ RunTime:0.000009s ]
INFO: Run Common\Behavior\InitHookBehavior [ RunTime:0.014869s ]
INFO: [ app_init ] --END-- [ RunTime:0.014945s ]
INFO: [ app_begin ] --START--
INFO: Run Behavior\ReadHtmlCacheBehavior [ RunTime:0.001443s ]
INFO: [ app_begin ] --END-- [ RunTime:0.001484s ]
NOTIC: [2] session_set_save_handler() expects parameter 1 to be SessionHandlerInterface, object given /mnt/hgfs/demo/vSwoole-admin/ThinkPHP/Common/functions.php 第 1213 行.
NOTIC: [8] Undefined variable: _action /mnt/hgfs/demo/vSwoole-admin/Application/Admin/Controller/AdminController.class.php 第 45 行.
SQL: SHOW COLUMNS FROM `wei_menu` [ RunTime:0.0051s ]
SQL: SELECT `id`,`title`,`url` FROM `wei_menu` WHERE `pid` = 0 AND `hide` = 0 ORDER BY sort asc  [ RunTime:0.0032s ]
SQL: SELECT `pid` FROM `wei_menu` WHERE ( pid !=0 AND url like '%WebSocket/getServers%' ) LIMIT 1   [ RunTime:0.0042s ]

[ 2018-05-16T20:47:49+08:00 ] 10.4.0.174 /demo/vSwoole-admin/admin.php?s=/WebSocket/getServers.html
NOTIC: [8] Constant __INFO__ already defined /mnt/hgfs/demo/vSwoole-admin/ThinkPHP/Library/Think/Dispatcher.class.php 第 127 行.
INFO: [ app_init ] --START--
INFO: Run Behavior\BuildLiteBehavior [ RunTime:0.000006s ]
INFO: Run Common\Behavior\InitHookBehavior [ RunTime:0.007009s ]
INFO: [ app_init ] --END-- [ RunTime:0.007060s ]
INFO: [ app_begin ] --START--
INFO: Run Behavior\ReadHtmlCacheBehavior [ RunTime:0.000870s ]
INFO: [ app_begin ] --END-- [ RunTime:0.000890s ]
NOTIC: [2] session_set_save_handler() expects parameter 1 to be SessionHandlerInterface, object given /mnt/hgfs/demo/vSwoole-admin/ThinkPHP/Common/functions.php 第 1213 行.
NOTIC: [8] Undefined variable: _action /mnt/hgfs/demo/vSwoole-admin/Application/Admin/Controller/AdminController.class.php 第 45 行.
SQL: SHOW COLUMNS FROM `wei_menu` [ RunTime:0.0048s ]
SQL: SELECT `id`,`title`,`url` FROM `wei_menu` WHERE `pid` = 0 AND `hide` = 0 ORDER BY sort asc  [ RunTime:0.0045s ]
SQL: SELECT `pid` FROM `wei_menu` WHERE ( pid !=0 AND url like '%WebSocket/getServers%' ) LIMIT 1   [ RunTime:0.0056s ]

[ 2018-05-16T20:48:04+08:00 ] 10.4.0.174 /demo/vSwoole-admin/admin.php?s=/WebSocket/getServers.html
NOTIC: [8] Constant __INFO__ already defined /mnt/hgfs/demo/vSwoole-admin/ThinkPHP/Library/Think/Dispatcher.class.php 第 127 行.
INFO: [ app_init ] --START--
INFO: Run Behavior\BuildLiteBehavior [ RunTime:0.000007s ]
INFO: Run Common\Behavior\InitHookBehavior [ RunTime:0.005927s ]
INFO: [ app_init ] --END-- [ RunTime:0.005996s ]
INFO: [ app_begin ] --START--
INFO: Run Behavior\ReadHtmlCacheBehavior [ RunTime:0.001891s ]
INFO: [ app_begin ] --END-- [ RunTime:0.001925s ]
NOTIC: [2] session_set_save_handler() expects parameter 1 to be SessionHandlerInterface, object given /mnt/hgfs/demo/vSwoole-admin/ThinkPHP/Common/functions.php 第 1213 行.
NOTIC: [8] Undefined variable: _action /mnt/hgfs/demo/vSwoole-admin/Application/Admin/Controller/AdminController.class.php 第 45 行.
SQL: SHOW COLUMNS FROM `wei_menu` [ RunTime:2.7123s ]
SQL: SELECT `id`,`title`,`url` FROM `wei_menu` WHERE `pid` = 0 AND `hide` = 0 ORDER BY sort asc  [ RunTime:2.3502s ]
SQL: SELECT `pid` FROM `wei_menu` WHERE ( pid !=0 AND url like '%WebSocket/getServers%' ) LIMIT 1   [ RunTime:0.0035s ]

[ 2018-05-16T20:49:10+08:00 ] 10.4.0.174 /demo/vSwoole-admin/admin.php?s=/WebSocket/getServers.html
NOTIC: [8] Constant __INFO__ already defined /mnt/hgfs/demo/vSwoole-admin/ThinkPHP/Library/Think/Dispatcher.class.php 第 127 行.
INFO: [ app_init ] --START--
INFO: Run Behavior\BuildLiteBehavior [ RunTime:0.000009s ]
INFO: Run Common\Behavior\InitHookBehavior [ RunTime:0.010338s ]
INFO: [ app_init ] --END-- [ RunTime:0.010421s ]
INFO: [ app_begin ] --START--
INFO: Run Behavior\ReadHtmlCacheBehavior [ RunTime:0.001395s ]
INFO: [ app_begin ] --END-- [ RunTime:0.001424s ]
NOTIC: [2] session_set_save_handler() expects parameter 1 to be SessionHandlerInterface, object given /mnt/hgfs/demo/vSwoole-admin/ThinkPHP/Common/functions.php 第 1213 行.
NOTIC: [8] Undefined variable: _action /mnt/hgfs/demo/vSwoole-admin/Application/Admin/Controller/AdminController.class.php 第 45 行.
SQL: SHOW COLUMNS FROM `wei_menu` [ RunTime:0.8028s ]
SQL: SELECT `id`,`title`,`url` FROM `wei_menu` WHERE `pid` = 0 AND `hide` = 0 ORDER BY sort asc  [ RunTime:4.2485s ]
SQL: SELECT `pid` FROM `wei_menu` WHERE ( pid !=0 AND url like '%WebSocket/getServers%' ) LIMIT 1   [ RunTime:0.2061s ]

[ 2018-05-16T20:49:11+08:00 ] 10.4.0.174 /demo/vSwoole-admin/admin.php?s=/WebSocket/getServers.html
NOTIC: [8] Constant __INFO__ already defined /mnt/hgfs/demo/vSwoole-admin/ThinkPHP/Library/Think/Dispatcher.class.php 第 127 行.
INFO: [ app_init ] --START--
INFO: Run Behavior\BuildLiteBehavior [ RunTime:0.000007s ]
INFO: Run Common\Behavior\InitHookBehavior [ RunTime:5.012124s ]
INFO: [ app_init ] --END-- [ RunTime:5.012216s ]
INFO: [ app_begin ] --START--
INFO: Run Behavior\ReadHtmlCacheBehavior [ RunTime:0.002138s ]
INFO: [ app_begin ] --END-- [ RunTime:0.002180s ]
NOTIC: [2] session_set_save_handler() expects parameter 1 to be SessionHandlerInterface, object given /mnt/hgfs/demo/vSwoole-admin/ThinkPHP/Common/functions.php 第 1213 行.
NOTIC: [8] Undefined variable: _action /mnt/hgfs/demo/vSwoole-admin/Application/Admin/Controller/AdminController.class.php 第 45 行.
SQL: SHOW COLUMNS FROM `wei_menu` [ RunTime:0.0055s ]
SQL: SELECT `id`,`title`,`url` FROM `wei_menu` WHERE `pid` = 0 AND `hide` = 0 ORDER BY sort asc  [ RunTime:0.0044s ]
SQL: SELECT `pid` FROM `wei_menu` WHERE ( pid !=0 AND url like '%WebSocket/getServers%' ) LIMIT 1   [ RunTime:0.0047s ]

[ 2018-05-16T20:49:34+08:00 ] 10.4.0.174 /demo/vSwoole-admin/admin.php?s=/WebSocket/getServers.html
NOTIC: [8] Constant __INFO__ already defined /mnt/hgfs/demo/vSwoole-admin/ThinkPHP/Library/Think/Dispatcher.class.php 第 127 行.
INFO: [ app_init ] --START--
INFO: Run Behavior\BuildLiteBehavior [ RunTime:0.000007s ]
INFO: Run Common\Behavior\InitHookBehavior [ RunTime:5.569254s ]
INFO: [ app_init ] --END-- [ RunTime:5.569818s ]
INFO: [ app_begin ] --START--
INFO: Run Behavior\ReadHtmlCacheBehavior [ RunTime:0.242330s ]
INFO: [ app_begin ] --END-- [ RunTime:0.242496s ]
NOTIC: [2] session_set_save_handler() expects parameter 1 to be SessionHandlerInterface, object given /mnt/hgfs/demo/vSwoole-admin/ThinkPHP/Common/functions.php 第 1213 行.
NOTIC: [8] Undefined variable: _action /mnt/hgfs/demo/vSwoole-admin/Application/Admin/Controller/AdminController.class.php 第 45 行.
SQL: SHOW COLUMNS FROM `wei_menu` [ RunTime:2.3108s ]
SQL: SELECT `id`,`title`,`url` FROM `wei_menu` WHERE `pid` = 0 AND `hide` = 0 ORDER BY sort asc  [ RunTime:0.6661s ]
SQL: SELECT `pid` FROM `wei_menu` WHERE ( pid !=0 AND url like '%WebSocket/getServers%' ) LIMIT 1   [ RunTime:1.5158s ]

[ 2018-05-16T20:49:42+08:00 ] 10.4.0.174 /demo/vSwoole-admin/admin.php?s=/WebSocket/getServers.html
NOTIC: [8] Constant __INFO__ already defined /mnt/hgfs/demo/vSwoole-admin/ThinkPHP/Library/Think/Dispatcher.class.php 第 127 行.
INFO: [ app_init ] --START--
INFO: Run Behavior\BuildLiteBehavior [ RunTime:0.000027s ]
INFO: Run Common\Behavior\InitHookBehavior [ RunTime:0.017970s ]
INFO: [ app_init ] --END-- [ RunTime:0.018224s ]
INFO: [ app_begin ] --START--
INFO: Run Behavior\ReadHtmlCacheBehavior [ RunTime:0.003095s ]
INFO: [ app_begin ] --END-- [ RunTime:0.003149s ]
NOTIC: [2] session_set_save_handler() expects parameter 1 to be SessionHandlerInterface, object given /mnt/hgfs/demo/vSwoole-admin/ThinkPHP/Common/functions.php 第 1213 行.
NOTIC: [8] Undefined variable: _action /mnt/hgfs/demo/vSwoole-admin/Application/Admin/Controller/AdminController.class.php 第 45 行.
SQL: SHOW COLUMNS FROM `wei_menu` [ RunTime:0.0315s ]
SQL: SELECT `id`,`title`,`url` FROM `wei_menu` WHERE `pid` = 0 AND `hide` = 0 ORDER BY sort asc  [ RunTime:0.2257s ]
SQL: SELECT `pid` FROM `wei_menu` WHERE ( pid !=0 AND url like '%WebSocket/getServers%' ) LIMIT 1   [ RunTime:0.3375s ]

[ 2018-05-16T20:50:07+08:00 ] 10.4.0.174 /demo/vSwoole-admin/admin.php?s=/WebSocket/getServers.html
NOTIC: [8] Constant __INFO__ already defined /mnt/hgfs/demo/vSwoole-admin/ThinkPHP/Library/Think/Dispatcher.class.php 第 127 行.
INFO: [ app_init ] --START--
INFO: Run Behavior\BuildLiteBehavior [ RunTime:0.000009s ]
INFO: Run Common\Behavior\InitHookBehavior [ RunTime:0.009206s ]
INFO: [ app_init ] --END-- [ RunTime:0.009286s ]
INFO: [ app_begin ] --START--
INFO: Run Behavior\ReadHtmlCacheBehavior [ RunTime:0.001687s ]
INFO: [ app_begin ] --END-- [ RunTime:0.001765s ]
NOTIC: [2] session_set_save_handler() expects parameter 1 to be SessionHandlerInterface, object given /mnt/hgfs/demo/vSwoole-admin/ThinkPHP/Common/functions.php 第 1213 行.
NOTIC: [8] Undefined variable: _action /mnt/hgfs/demo/vSwoole-admin/Application/Admin/Controller/AdminController.class.php 第 45 行.
SQL: SHOW COLUMNS FROM `wei_menu` [ RunTime:0.1934s ]
SQL: SELECT `id`,`title`,`url` FROM `wei_menu` WHERE `pid` = 0 AND `hide` = 0 ORDER BY sort asc  [ RunTime:0.0873s ]
SQL: SELECT `pid` FROM `wei_menu` WHERE ( pid !=0 AND url like '%WebSocket/getServers%' ) LIMIT 1   [ RunTime:0.2118s ]

