[ 2018-04-04T23:04:02+08:00 ] 10.252.12.4 /studio-v3/api.php?s=Api/Test/appendLucky
SQL: SHOW COLUMNS FROM `wei_qa_lucky_user` [ RunTime:0.0008s ]
SQL: SELECT `user_ranking` FROM `wei_qa_lucky_user` WHERE `user_lucky_type` = 3  [ RunTime:0.0005s ]

[ 2018-04-04T23:04:09+08:00 ] 10.252.12.4 /studio-v3/api.php?s=Api/Test/appendLucky
SQL: SHOW COLUMNS FROM `wei_qa_lucky_user` [ RunTime:0.0009s ]
SQL: SELECT `user_ranking` FROM `wei_qa_lucky_user` WHERE `user_lucky_type` = 3  [ RunTime:0.0005s ]

[ 2018-04-04T23:05:27+08:00 ] 10.252.12.4 /studio-v3/api.php?s=Api/Test/appendLucky
SQL: SHOW COLUMNS FROM `wei_qa_lucky_user` [ RunTime:0.0009s ]
SQL: SELECT `user_ranking` FROM `wei_qa_lucky_user` WHERE `user_lucky_type` = 3  [ RunTime:0.0006s ]

[ 2018-04-04T23:07:46+08:00 ] 10.252.12.4 /studio-v3/api.php?s=Api/Test/appendLucky
SQL: SHOW COLUMNS FROM `wei_qa_lucky_user` [ RunTime:0.0008s ]
SQL: SELECT `user_ranking` FROM `wei_qa_lucky_user` WHERE `user_lucky_type` = 3  [ RunTime:0.0006s ]

[ 2018-04-04T23:07:48+08:00 ] 10.252.12.4 /studio-v3/api.php?s=Api/Test/appendLucky
SQL: SHOW COLUMNS FROM `wei_qa_lucky_user` [ RunTime:0.0008s ]
SQL: SELECT `user_ranking` FROM `wei_qa_lucky_user` WHERE `user_lucky_type` = 3  [ RunTime:0.0005s ]

[ 2018-04-04T23:07:49+08:00 ] 10.252.12.4 /studio-v3/api.php?s=Api/Test/appendLucky
SQL: SHOW COLUMNS FROM `wei_qa_lucky_user` [ RunTime:0.0010s ]
SQL: SELECT `user_ranking` FROM `wei_qa_lucky_user` WHERE `user_lucky_type` = 3  [ RunTime:0.0006s ]

[ 2018-04-04T23:07:49+08:00 ] 10.252.12.4 /studio-v3/api.php?s=Api/Test/appendLucky
SQL: SHOW COLUMNS FROM `wei_qa_lucky_user` [ RunTime:0.0009s ]
SQL: SELECT `user_ranking` FROM `wei_qa_lucky_user` WHERE `user_lucky_type` = 3  [ RunTime:0.0005s ]

[ 2018-04-04T23:07:49+08:00 ] 10.252.12.4 /studio-v3/api.php?s=Api/Test/appendLucky
SQL: SHOW COLUMNS FROM `wei_qa_lucky_user` [ RunTime:0.0009s ]
SQL: SELECT `user_ranking` FROM `wei_qa_lucky_user` WHERE `user_lucky_type` = 3  [ RunTime:0.0005s ]

[ 2018-04-04T23:07:49+08:00 ] 10.252.12.4 /studio-v3/api.php?s=Api/Test/appendLucky
SQL: SHOW COLUMNS FROM `wei_qa_lucky_user` [ RunTime:0.0009s ]
SQL: SELECT `user_ranking` FROM `wei_qa_lucky_user` WHERE `user_lucky_type` = 3  [ RunTime:0.0005s ]

[ 2018-04-04T23:07:58+08:00 ] 10.252.12.4 /studio-v3/api.php?s=Api/Test/appendLucky
SQL: SHOW COLUMNS FROM `wei_qa_lucky_user` [ RunTime:0.0008s ]
SQL: SELECT `user_ranking` FROM `wei_qa_lucky_user` WHERE `user_lucky_type` = 3  [ RunTime:0.0005s ]

[ 2018-04-04T23:08:00+08:00 ] 10.252.12.4 /studio-v3/api.php?s=Api/Test/appendLucky
SQL: SHOW COLUMNS FROM `wei_qa_lucky_user` [ RunTime:0.0008s ]
SQL: SELECT `user_ranking` FROM `wei_qa_lucky_user` WHERE `user_lucky_type` = 3  [ RunTime:0.0005s ]

[ 2018-04-04T23:10:21+08:00 ] 10.252.12.4 /studio-v3/api.php?s=Api/Test/appendLucky
SQL: SHOW COLUMNS FROM `wei_qa_lucky_user` [ RunTime:0.0009s ]
SQL: SELECT `user_ranking` FROM `wei_qa_lucky_user` WHERE `user_lucky_type` = 3  [ RunTime:0.0005s ]

[ 2018-04-04T23:10:23+08:00 ] 10.252.12.4 /studio-v3/api.php?s=Api/Test/appendLucky
SQL: SHOW COLUMNS FROM `wei_qa_lucky_user` [ RunTime:0.0008s ]
SQL: SELECT `user_ranking` FROM `wei_qa_lucky_user` WHERE `user_lucky_type` = 3  [ RunTime:0.0005s ]

[ 2018-04-04T23:10:26+08:00 ] 10.252.12.4 /studio-v3/api.php?s=Api/Test/appendLucky
SQL: SHOW COLUMNS FROM `wei_qa_lucky_user` [ RunTime:0.0008s ]
SQL: SELECT `user_ranking` FROM `wei_qa_lucky_user` WHERE `user_lucky_type` = 3  [ RunTime:0.0005s ]

[ 2018-04-04T23:10:28+08:00 ] 10.252.12.4 /studio-v3/api.php?s=Api/Test/appendLucky
SQL: SHOW COLUMNS FROM `wei_qa_lucky_user` [ RunTime:0.0009s ]
SQL: SELECT `user_ranking` FROM `wei_qa_lucky_user` WHERE `user_lucky_type` = 3  [ RunTime:0.0005s ]

[ 2018-04-04T23:10:28+08:00 ] 10.252.12.4 /studio-v3/api.php?s=Api/Test/appendLucky
SQL: SHOW COLUMNS FROM `wei_qa_lucky_user` [ RunTime:0.0011s ]
SQL: SELECT `user_ranking` FROM `wei_qa_lucky_user` WHERE `user_lucky_type` = 3  [ RunTime:0.0005s ]

[ 2018-04-04T23:15:23+08:00 ] 10.252.12.4 /studio-v3/api.php?s=Api/Test/appendLucky
SQL: SHOW COLUMNS FROM `wei_qa_lucky_user` [ RunTime:0.0008s ]
SQL: SELECT `user_ranking` FROM `wei_qa_lucky_user` WHERE `user_lucky_type` = 3  [ RunTime:0.0006s ]

[ 2018-04-04T23:17:34+08:00 ] 10.252.12.4 /studio-v3/api.php?s=Api/Test/appendLucky
SQL: SHOW COLUMNS FROM `wei_qa_lucky_user` [ RunTime:0.0010s ]
SQL: SELECT `user_ranking` FROM `wei_qa_lucky_user` WHERE `user_lucky_type` = 3  [ RunTime:0.0005s ]

[ 2018-04-04T23:17:35+08:00 ] 10.252.12.4 /studio-v3/api.php?s=Api/Test/appendLucky
SQL: SHOW COLUMNS FROM `wei_qa_lucky_user` [ RunTime:0.0011s ]
SQL: SELECT `user_ranking` FROM `wei_qa_lucky_user` WHERE `user_lucky_type` = 3  [ RunTime:0.0005s ]

[ 2018-04-04T23:17:36+08:00 ] 10.252.12.4 /studio-v3/api.php?s=Api/Test/appendLucky
SQL: SHOW COLUMNS FROM `wei_qa_lucky_user` [ RunTime:0.0008s ]
SQL: SELECT `user_ranking` FROM `wei_qa_lucky_user` WHERE `user_lucky_type` = 3  [ RunTime:0.0005s ]

[ 2018-04-04T23:17:37+08:00 ] 10.252.12.4 /studio-v3/api.php?s=Api/Test/appendLucky
SQL: SHOW COLUMNS FROM `wei_qa_lucky_user` [ RunTime:0.0009s ]
SQL: SELECT `user_ranking` FROM `wei_qa_lucky_user` WHERE `user_lucky_type` = 3  [ RunTime:0.0008s ]

[ 2018-04-04T23:17:37+08:00 ] 10.252.12.4 /studio-v3/api.php?s=Api/Test/appendLucky
SQL: SHOW COLUMNS FROM `wei_qa_lucky_user` [ RunTime:0.0008s ]
SQL: SELECT `user_ranking` FROM `wei_qa_lucky_user` WHERE `user_lucky_type` = 3  [ RunTime:0.0005s ]

[ 2018-04-04T23:17:38+08:00 ] 10.252.12.4 /studio-v3/api.php?s=Api/Test/appendLucky
SQL: SHOW COLUMNS FROM `wei_qa_lucky_user` [ RunTime:0.0008s ]
SQL: SELECT `user_ranking` FROM `wei_qa_lucky_user` WHERE `user_lucky_type` = 3  [ RunTime:0.0005s ]

[ 2018-04-04T23:17:38+08:00 ] 10.252.12.4 /studio-v3/api.php?s=Api/Test/appendLucky
SQL: SHOW COLUMNS FROM `wei_qa_lucky_user` [ RunTime:0.0009s ]
SQL: SELECT `user_ranking` FROM `wei_qa_lucky_user` WHERE `user_lucky_type` = 3  [ RunTime:0.0005s ]

[ 2018-04-04T23:17:39+08:00 ] 10.252.12.4 /studio-v3/api.php?s=Api/Test/appendLucky
SQL: SHOW COLUMNS FROM `wei_qa_lucky_user` [ RunTime:0.0012s ]
SQL: SELECT `user_ranking` FROM `wei_qa_lucky_user` WHERE `user_lucky_type` = 3  [ RunTime:0.0012s ]

[ 2018-04-04T23:17:40+08:00 ] 10.252.12.4 /studio-v3/api.php?s=Api/Test/appendLucky
SQL: SHOW COLUMNS FROM `wei_qa_lucky_user` [ RunTime:0.0010s ]
SQL: SELECT `user_ranking` FROM `wei_qa_lucky_user` WHERE `user_lucky_type` = 3  [ RunTime:0.0006s ]

[ 2018-04-04T23:18:41+08:00 ] 10.252.12.4 /studio-v3/api.php?s=Api/Test/appendLucky
SQL: SHOW COLUMNS FROM `wei_qa_lucky_user` [ RunTime:0.0009s ]
SQL: SELECT `user_ranking` FROM `wei_qa_lucky_user` WHERE `user_lucky_type` = 3  [ RunTime:0.0005s ]

[ 2018-04-04T23:18:43+08:00 ] 10.252.12.4 /studio-v3/api.php?s=Api/Test/appendLucky
SQL: SHOW COLUMNS FROM `wei_qa_lucky_user` [ RunTime:0.0008s ]
SQL: SELECT `user_ranking` FROM `wei_qa_lucky_user` WHERE `user_lucky_type` = 3  [ RunTime:0.0005s ]

[ 2018-04-04T23:18:47+08:00 ] 10.252.12.4 /studio-v3/api.php?s=Api/Test/appendLucky
SQL: SHOW COLUMNS FROM `wei_qa_lucky_user` [ RunTime:0.0009s ]
SQL: SELECT `user_ranking` FROM `wei_qa_lucky_user` WHERE `user_lucky_type` = 3  [ RunTime:0.0005s ]

[ 2018-04-04T23:21:41+08:00 ] 10.252.12.4 /studio-v3/api.php?s=Api/Test/appendLucky
SQL: SHOW COLUMNS FROM `wei_qa_lucky_user` [ RunTime:0.0008s ]
SQL: SELECT `user_ranking` FROM `wei_qa_lucky_user` WHERE `user_lucky_type` = 3  [ RunTime:0.0005s ]

[ 2018-04-04T23:23:30+08:00 ] 10.252.12.4 /studio-v3/api.php?s=Api/Test/appendLucky
SQL: SHOW COLUMNS FROM `wei_qa_lucky_user` [ RunTime:0.0008s ]
SQL: SELECT `user_ranking` FROM `wei_qa_lucky_user` WHERE `user_lucky_type` = 3  [ RunTime:0.0005s ]

[ 2018-04-04T23:23:44+08:00 ] 10.252.12.4 /studio-v3/api.php?s=Api/Test/appendLucky
SQL: SHOW COLUMNS FROM `wei_qa_lucky_user` [ RunTime:0.0009s ]
SQL: SELECT `user_ranking` FROM `wei_qa_lucky_user` WHERE `user_lucky_type` = 3  [ RunTime:0.0005s ]

[ 2018-04-04T23:26:34+08:00 ] 10.252.12.4 /studio-v3/api.php?s=Api/Test/appendLucky
SQL: SHOW COLUMNS FROM `wei_qa_lucky_user` [ RunTime:0.0008s ]
SQL: SELECT `user_ranking` FROM `wei_qa_lucky_user` WHERE `user_lucky_type` = 3  [ RunTime:0.0005s ]
NOTIC: [8] Undefined index: user_age /opt/nginx/html/studio-v3/Application/Api/Controller/TestController.class.php 第 139 行.
NOTIC: [8] Undefined index: user_age /opt/nginx/html/studio-v3/Application/Api/Controller/TestController.class.php 第 139 行.
NOTIC: [8] Undefined index: user_age /opt/nginx/html/studio-v3/Application/Api/Controller/TestController.class.php 第 139 行.
NOTIC: [8] Undefined index: user_age /opt/nginx/html/studio-v3/Application/Api/Controller/TestController.class.php 第 139 行.
NOTIC: [8] Undefined index: user_age /opt/nginx/html/studio-v3/Application/Api/Controller/TestController.class.php 第 139 行.
NOTIC: [8] Undefined index: user_age /opt/nginx/html/studio-v3/Application/Api/Controller/TestController.class.php 第 139 行.
NOTIC: [8] Undefined index: user_age /opt/nginx/html/studio-v3/Application/Api/Controller/TestController.class.php 第 139 行.
NOTIC: [8] Undefined index: user_age /opt/nginx/html/studio-v3/Application/Api/Controller/TestController.class.php 第 139 行.
NOTIC: [8] Undefined index: user_age /opt/nginx/html/studio-v3/Application/Api/Controller/TestController.class.php 第 139 行.
NOTIC: [8] Undefined index: user_age /opt/nginx/html/studio-v3/Application/Api/Controller/TestController.class.php 第 139 行.
NOTIC: [8] Undefined index: user_age /opt/nginx/html/studio-v3/Application/Api/Controller/TestController.class.php 第 139 行.
NOTIC: [8] Undefined index: user_age /opt/nginx/html/studio-v3/Application/Api/Controller/TestController.class.php 第 139 行.
NOTIC: [8] Undefined index: user_age /opt/nginx/html/studio-v3/Application/Api/Controller/TestController.class.php 第 139 行.
NOTIC: [8] Undefined index: user_age /opt/nginx/html/studio-v3/Application/Api/Controller/TestController.class.php 第 139 行.
NOTIC: [8] Undefined index: user_age /opt/nginx/html/studio-v3/Application/Api/Controller/TestController.class.php 第 139 行.
NOTIC: [8] Undefined index: user_age /opt/nginx/html/studio-v3/Application/Api/Controller/TestController.class.php 第 139 行.
NOTIC: [8] Undefined index: user_age /opt/nginx/html/studio-v3/Application/Api/Controller/TestController.class.php 第 139 行.
NOTIC: [8] Undefined index: user_age /opt/nginx/html/studio-v3/Application/Api/Controller/TestController.class.php 第 139 行.
NOTIC: [8] Undefined index: user_age /opt/nginx/html/studio-v3/Application/Api/Controller/TestController.class.php 第 139 行.
NOTIC: [8] Undefined index: user_age /opt/nginx/html/studio-v3/Application/Api/Controller/TestController.class.php 第 139 行.

[ 2018-04-04T23:30:47+08:00 ] 10.252.12.4 /studio-v3/api.php?s=Api/Test/appendLucky
SQL: SHOW COLUMNS FROM `wei_qa_lucky_user` [ RunTime:0.0008s ]
SQL: SELECT `user_ranking` FROM `wei_qa_lucky_user` WHERE `user_lucky_type` = 3  [ RunTime:0.0005s ]
NOTIC: [8] Undefined index: user_age /opt/nginx/html/studio-v3/Application/Api/Controller/TestController.class.php 第 139 行.
NOTIC: [8] Undefined index: user_age /opt/nginx/html/studio-v3/Application/Api/Controller/TestController.class.php 第 139 行.
NOTIC: [8] Undefined index: user_age /opt/nginx/html/studio-v3/Application/Api/Controller/TestController.class.php 第 139 行.
NOTIC: [8] Undefined index: user_age /opt/nginx/html/studio-v3/Application/Api/Controller/TestController.class.php 第 139 行.
NOTIC: [8] Undefined index: user_age /opt/nginx/html/studio-v3/Application/Api/Controller/TestController.class.php 第 139 行.
NOTIC: [8] Undefined index: user_age /opt/nginx/html/studio-v3/Application/Api/Controller/TestController.class.php 第 139 行.
NOTIC: [8] Undefined index: user_age /opt/nginx/html/studio-v3/Application/Api/Controller/TestController.class.php 第 139 行.
NOTIC: [8] Undefined index: user_age /opt/nginx/html/studio-v3/Application/Api/Controller/TestController.class.php 第 139 行.
NOTIC: [8] Undefined index: user_age /opt/nginx/html/studio-v3/Application/Api/Controller/TestController.class.php 第 139 行.
NOTIC: [8] Undefined index: user_age /opt/nginx/html/studio-v3/Application/Api/Controller/TestController.class.php 第 139 行.
NOTIC: [8] Undefined index: user_age /opt/nginx/html/studio-v3/Application/Api/Controller/TestController.class.php 第 139 行.
NOTIC: [8] Undefined index: user_age /opt/nginx/html/studio-v3/Application/Api/Controller/TestController.class.php 第 139 行.
NOTIC: [8] Undefined index: user_age /opt/nginx/html/studio-v3/Application/Api/Controller/TestController.class.php 第 139 行.
NOTIC: [8] Undefined index: user_age /opt/nginx/html/studio-v3/Application/Api/Controller/TestController.class.php 第 139 行.
NOTIC: [8] Undefined index: user_age /opt/nginx/html/studio-v3/Application/Api/Controller/TestController.class.php 第 139 行.
NOTIC: [8] Undefined index: user_age /opt/nginx/html/studio-v3/Application/Api/Controller/TestController.class.php 第 139 行.
NOTIC: [8] Undefined index: user_age /opt/nginx/html/studio-v3/Application/Api/Controller/TestController.class.php 第 139 行.
NOTIC: [8] Undefined index: user_age /opt/nginx/html/studio-v3/Application/Api/Controller/TestController.class.php 第 139 行.
NOTIC: [8] Undefined index: user_age /opt/nginx/html/studio-v3/Application/Api/Controller/TestController.class.php 第 139 行.
NOTIC: [8] Undefined index: user_age /opt/nginx/html/studio-v3/Application/Api/Controller/TestController.class.php 第 139 行.
SQL: INSERT INTO `wei_qa_lucky_user` (`column_id`,`stage_id`,`group_id`,`user_id`,`user_name`,`user_source`,`user_phone`,`user_head`,`user_age`,`user_sex`,`user_city`,`user_ranking`,`user_lucky_type`,`user_create`) VALUES ('Column15215257455ab0a3f17691d','Stage15226525155ac1d563070f8','41','U15218070328652454812','竹叶青','1','18909855903','https://thirdwx.qlogo.cn/mmopen/vi_32/DYAIOgq83erRMyh1WsWxTEs54CtZd6Vs8nAaN4xOO6jrKQYFibnBOy7ct1fm3HGibM0ZkkQJcMJHPuBwJXxQeZwA/132','0','0','辽宁省','38','3','1522855847'),('Column15215257455ab0a3f17691d','Stage15226525155ac1d563070f8','41','U15218916478432456225','13764299861','1','13764299861','http://idata.5club.cctv.cn/pic/userhead/default_head.jpg','0','0','上海市','7','3','1522855847'),('Column15215257455ab0a3f17691d','Stage15226525155ac1d563070f8','41','U15218107929252455120','15027951312','1','15027951312','http://idata.5club.cctv.cn/pic/userhead/default_head.jpg','0','0','河北省','59','3','1522855847'),('Column15215257455ab0a3f17691d','Stage15226525155ac1d563070f8','41','U15220645655842459485','15853337976','1','15853337976','http://idata.5club.cctv.cn/pic/userhead/default_head.jpg','0','0','','63','3','1522855847'),('Column15215257455ab0a3f17691d','Stage15226525155ac1d563070f8','41','U15218069709832454806','13562003741','1','13562003741','http://idata.5club.cctv.cn/pic/userhead/default_head.jpg','0','0','山东省','61','3','1522855847'),('Column15215257455ab0a3f17691d','Stage15226525155ac1d563070f8','41','U15219840288082458797','雷','1','','http://thirdwx.qlogo.cn/mmopen/vi_32/Q0j4TwGTfTKYndQUv6zdgTdaOLgxEvEGHiacJGqLpQwYACWJrnEDkwYhqEBAF8fI5J7OIRWGJib1efmgRMbBibfFw/132','0','0','黑龙江省','97','3','1522855847'),('Column15215257455ab0a3f17691d','Stage15226525155ac1d563070f8','41','U15219390989912457370','雪如','1','','http://thirdwx.qlogo.cn/mmopen/vi_32/Q0j4TwGTfTLuiaKGvq63YnMUHYtP5geZPKhiaX4xxqEd5DlRaXFib8GC64WYBHeuKjIiagJVnWXpc4VIOb1BjIRhCQ/132','0','0','福建省','100','3','1522855847'),('Column15215257455ab0a3f17691d','Stage15226525155ac1d563070f8','41','U15218536974392455553','雨辰','1','13582333683','https://thirdwx.qlogo.cn/mmopen/vi_32/378SgLePUyqRtEYvtY7rzZcZTtpvwPycCSPYvZ1jQ4icjovOVhk1EH07sibXODxQAybt4KRG3jorWJZV0rCQVtgQ/132','0','0','','44','3','1522855847'),('Column15215257455ab0a3f17691d','Stage15226525155ac1d563070f8','41','U15154231743221693195','15201017836','1','15201017836','http://idata.5club.cctv.cn/pic/userhead/default_head.jpg','0','0','北京市','31','3','1522855847'),('Column15215257455ab0a3f17691d','Stage15226525155ac1d563070f8','41','U15219800977302458464','13731159516','1','13731159516','http://idata.5club.cctv.cn/pic/userhead/default_head.jpg','0','0','河北省','71','3','1522855847'),('Column15215257455ab0a3f17691d','Stage15226525155ac1d563070f8','41','U15213554210282450961','13663386298','1','13663386298','http://idata.5club.cctv.cn/pic/userhead/default_head.jpg','0','0','河北省','49','3','1522855847'),('Column15215257455ab0a3f17691d','Stage15226525155ac1d563070f8','41','U15222377947352463232','15961340451','1','15961340451','http://idata.5club.cctv.cn/pic/userhead/default_head.jpg','0','0','江苏省','89','3','1522855847'),('Column15215257455ab0a3f17691d','Stage15226525155ac1d563070f8','41','U15220648770052459710','13171390680','1','13171390680','http://idata.5club.cctv.cn/pic/userhead/default_head.jpg','0','0','内蒙古自治区','96','3','1522855847'),('Column15215257455ab0a3f17691d','Stage15226525155ac1d563070f8','41','U15218916778032456254','13255328718','1','13255328718','http://idata.5club.cctv.cn/pic/userhead/default_head.jpg','0','0','山东省','42','3','1522855847'),('Column15215257455ab0a3f17691d','Stage15226525155ac1d563070f8','41','U15218045217222454406','13176554829','1','13176554829','http://idata.5club.cctv.cn/pic/userhead/default_head.jpg','0','0','','9','3','1522855847'),('Column15215257455ab0a3f17691d','Stage15226525155ac1d563070f8','41','U15218910935942456098','闻竹听雨','1','13840907665','http://thirdwx.qlogo.cn/mmopen/vi_32/DYAIOgq83eqsQw89GlzQtNvVE9QlNvuVaRHoh2ATrwEmDvx4ibAEqg5GWQhUKTK5pAYELLGbedbkacLzYjmcQ9g/132','0','0','辽宁省','22','3','1522855847'),('Column15215257455ab0a3f17691d','Stage15226525155ac1d563070f8','41','U15219766566802457813','13701064877','1','13701064877','http://idata.5club.cctv.cn/pic/userhead/default_head.jpg','0','0','北京市','10','3','1522855847'),('Column15215257455ab0a3f17691d','Stage15226525155ac1d563070f8','41','U15219788159862458369','菡萏@溪  且向花间留晚照','1','','http://thirdwx.qlogo.cn/mmopen/vi_32/JW7VPm1bODjVbm73EqAlPibb0lqfHgPwSjdUXxkKgc4gL6NccWBX1WssVIXUfBAyzQO7oVbM8mJB867sOg7iaaHA/132','0','0','湖南省','16','3','1522855847'),('Column15215257455ab0a3f17691d','Stage15226525155ac1d563070f8','41','U15218930847462456758','柒色凉橙','1','','http://thirdwx.qlogo.cn/mmopen/vi_32/DYAIOgq83epF28HGiceDjOj5YHibz8nNMCTnqYVRT5FuxFWOicbW7YNkeabAD4puBpiaBc4Xd8HOo9h8uUbZWCtnAQ/132','0','0','','86','3','1522855847'),('Column15215257455ab0a3f17691d','Stage15226525155ac1d563070f8','41','U15220643194792459430','藤蔓','1','','http://thirdwx.qlogo.cn/mmopen/vi_32/g5PdLJCTsn6Ckn2z6WnfzZRG50peyGPu5Jvg5e2e96rVQ1aoLFW7XFghl2iaowPaZm75AtE2fmVcZuwZxn8LLNg/132','0','0','山东省','82','3','1522855847') [ RunTime:0.0019s ]

